{
  "stats": {
    "suites": 1,
    "tests": 10,
    "passes": 10,
    "pending": 0,
    "failures": 0,
    "start": "2022-04-23T00:03:30.350Z",
    "end": "2022-04-23T00:03:44.666Z",
    "duration": 14316,
    "testsRegistered": 10,
    "passPercent": 100,
    "pendingPercent": 0,
    "other": 0,
    "hasOther": false,
    "skipped": 0,
    "hasSkipped": false
  },
  "results": [
    {
      "uuid": "25e2d1c7-5c68-46b9-acce-f571dc573145",
      "title": "",
      "fullFile": "cypress/integration/e2e/app.spec.js",
      "file": "cypress/integration/e2e/app.spec.js",
      "beforeHooks": [],
      "afterHooks": [],
      "tests": [],
      "suites": [
        {
          "uuid": "807b95a6-a05e-43f0-af8b-328cd20fd1f2",
          "title": "Robot Money Collector",
          "fullFile": "",
          "file": "",
          "beforeHooks": [],
          "afterHooks": [],
          "tests": [
            {
              "title": "[game-001] Open Apps",
              "fullTitle": "Robot Money Collector [game-001] Open Apps",
              "timedOut": null,
              "duration": 1069,
              "state": "passed",
              "speed": "fast",
              "pass": true,
              "fail": false,
              "pending": false,
              "context": null,
              "code": "cy.url().should('include', 'https://clever-robo-test.netlify.app/');",
              "err": {},
              "uuid": "2d29dcdc-dc86-43dd-9e44-7b56d6e2bf15",
              "parentUUID": "807b95a6-a05e-43f0-af8b-328cd20fd1f2",
              "isHook": false,
              "skipped": false
            },
            {
              "title": "[game-002] Title app",
              "fullTitle": "Robot Money Collector [game-002] Title app",
              "timedOut": null,
              "duration": 280,
              "state": "passed",
              "speed": "fast",
              "pass": true,
              "fail": false,
              "pending": false,
              "context": null,
              "code": "cy.contains('Robot Money Collector').should('be.visible');",
              "err": {},
              "uuid": "23edc8ec-c7d8-4560-9291-382723f1bd87",
              "parentUUID": "807b95a6-a05e-43f0-af8b-328cd20fd1f2",
              "isHook": false,
              "skipped": false
            },
            {
              "title": "[game-003] Botton [Place]",
              "fullTitle": "Robot Money Collector [game-003] Botton [Place]",
              "timedOut": null,
              "duration": 543,
              "state": "passed",
              "speed": "fast",
              "pass": true,
              "fail": false,
              "pending": false,
              "context": null,
              "code": "cy.get('.robot-container').should('not.exist');\ncy.get('.place-button').should('have.text', 'Place').and('have.css', 'background-color', 'rgb(15, 115, 92)').click();\ncy.get('.robot-container').should('be.exist');",
              "err": {},
              "uuid": "c970dc4b-1222-43c4-9376-4cf4bc32175f",
              "parentUUID": "807b95a6-a05e-43f0-af8b-328cd20fd1f2",
              "isHook": false,
              "skipped": false
            },
            {
              "title": "[game-004] select botton / dropdown ",
              "fullTitle": "Robot Money Collector [game-004] select botton / dropdown ",
              "timedOut": null,
              "duration": 2924,
              "state": "passed",
              "speed": "fast",
              "pass": true,
              "fail": false,
              "pending": false,
              "context": null,
              "code": "cy.get('form > select').children().each((elem, ind) => {\n  expect(elem[0].value).to.eql(sizeBoard[ind]);\n});\ncy.boardSize('small', 25);\ncy.boardSize('medium', 49);\ncy.boardSize('large', 81);",
              "err": {},
              "uuid": "6930075e-4130-4228-a0f2-2f633f6c10fd",
              "parentUUID": "807b95a6-a05e-43f0-af8b-328cd20fd1f2",
              "isHook": false,
              "skipped": false
            },
            {
              "title": "[game-005] Total Move ",
              "fullTitle": "Robot Money Collector [game-005] Total Move ",
              "timedOut": null,
              "duration": 2311,
              "state": "passed",
              "speed": "fast",
              "pass": true,
              "fail": false,
              "pending": false,
              "context": null,
              "code": "cy.get('.total-move').should('have.text', 'total move: 15').as('move');\ncy.boardSize('small', 25).then(() => {\n  cy.get('@move');\n});\ncy.boardSize('medium', 49).then(() => {\n  cy.get('@move');\n});\ncy.boardSize('large', 81).then(() => {\n  cy.get('@move');\n});",
              "err": {},
              "uuid": "0c020630-2cee-46e4-8d9f-15b1865b3f21",
              "parentUUID": "807b95a6-a05e-43f0-af8b-328cd20fd1f2",
              "isHook": false,
              "skipped": false
            },
            {
              "title": "[game-006] board game ",
              "fullTitle": "Robot Money Collector [game-006] board game ",
              "timedOut": null,
              "duration": 2840,
              "state": "passed",
              "speed": "fast",
              "pass": true,
              "fail": false,
              "pending": false,
              "context": null,
              "code": "cy.get('.robot-container').should('not.exist');\ncy.boardSize('small', 25, 5);\ncy.get('.tile').children('p').filter(':contains(\"$\")');\ncy.boardSize('medium', 49, 7);\ncy.get('.tile').children('p').filter(':contains(\"$\")');\ncy.boardSize('large', 81, 9);\ncy.get('.tile').children('p').filter(':contains(\"$\")');",
              "err": {},
              "uuid": "bb8c79ee-8025-473f-a5ee-a12a0776f5ec",
              "parentUUID": "807b95a6-a05e-43f0-af8b-328cd20fd1f2",
              "isHook": false,
              "skipped": false
            },
            {
              "title": "[game-007] score game ",
              "fullTitle": "Robot Money Collector [game-007] score game ",
              "timedOut": null,
              "duration": 1014,
              "state": "passed",
              "speed": "fast",
              "pass": true,
              "fail": false,
              "pending": false,
              "context": null,
              "code": "cy.get('.statistic-container').should('have.css', 'background-color', 'rgb(41, 48, 56)');\ncy.get('.statistic-header').should('have.text', 'Your Robot Earning');\ncy.wait(500);\ncy.get('.statistic-item').each((elem, ind) => {\n  cy.get(elem).children('p').should(e => {\n    if (ind == 1) {\n      expect(e[0].innerText).not.to.eq(null);\n    } else {\n      expect(e[0].innerText).to.eq('0');\n    }\n  });\n  cy.get(elem).children('label').should(e => {\n    expect(result).to.have.ownProperty(e[0].innerText);\n  }); // if (ind == 1) {\n  //   cy.get(elem).prev().should('includes.text', '%');\n  //   // .and('be.lessThan', 16);\n  //   expect(result).to.have.ownProperty(elem[0].innerText);\n  // } else {\n  //   cy.get(elem).prev().should('have.text', '0');\n  //   expect(result).to.have.ownProperty(elem[0].innerText);\n  // }\n});",
              "err": {},
              "uuid": "5615221e-3e5b-4e88-97f0-761edd315007",
              "parentUUID": "807b95a6-a05e-43f0-af8b-328cd20fd1f2",
              "isHook": false,
              "skipped": false
            },
            {
              "title": "[game-008] robot  ",
              "fullTitle": "Robot Money Collector [game-008] robot  ",
              "timedOut": null,
              "duration": 648,
              "state": "passed",
              "speed": "fast",
              "pass": true,
              "fail": false,
              "pending": false,
              "context": null,
              "code": "// [0].style.cssText;\ncy.get('.robot-container').should('not.exist');\ncy.get('.place-button').click();\ncy.get('.robot-container').should('be.exist');\ncy.get('.total-move').should('have.text', 'total move: 15');\ncy.get('.robot-container ').then(ele => {\n  deg = ele[0].style['transform'].replace(/rotate\\(|deg\\)/g, '');\n  cy.get(ele).should('have.attr', 'style').and('contain', `transform: rotate(${Number(deg)}deg)`);\n  cy.get('.robot-container ').trigger('keydown', {\n    keyCode: 37\n  }).should('have.attr', 'style').and('contain', `transform: rotate(${Number(deg) - 90}deg)`);\n});\ncy.get('.total-move').should('have.text', 'total move: 15');",
              "err": {},
              "uuid": "6ff5beae-d4fa-40c4-89b8-4173cc7aa1bc",
              "parentUUID": "807b95a6-a05e-43f0-af8b-328cd20fd1f2",
              "isHook": false,
              "skipped": false
            },
            {
              "title": "[game-009] Playgame  ",
              "fullTitle": "Robot Money Collector [game-009] Playgame  ",
              "timedOut": null,
              "duration": 639,
              "state": "passed",
              "speed": "fast",
              "pass": true,
              "fail": false,
              "pending": false,
              "context": null,
              "code": "cy.get('.robot-container').should('not.exist');\ncy.get('.place-button').click();\ncy.get('.robot-container').should('be.exist');\ncy.get('.total-move').should('have.text', 'total move: 15');\ncy.get('.robot-container ').then(ele => {\n  deg = ele[0].style['transform'].replace(/rotate\\(|deg\\)/g, '');\n  cy.get(ele).should('have.attr', 'style').and('contain', `transform: rotate(${deg}deg)`);\n  cy.get('.robot-container ').trigger('keydown', {\n    keyCode: 32\n  });\n});\ncy.get('.total-move').should('have.text', 'total move: 14');",
              "err": {},
              "uuid": "ca2afbc9-9d8e-4510-aa87-e193b177d662",
              "parentUUID": "807b95a6-a05e-43f0-af8b-328cd20fd1f2",
              "isHook": false,
              "skipped": false
            },
            {
              "title": "open apps",
              "fullTitle": "Robot Money Collector open apps",
              "timedOut": null,
              "duration": 1594,
              "state": "passed",
              "speed": "fast",
              "pass": true,
              "fail": false,
              "pending": false,
              "context": null,
              "code": "cy.get('.robot-container').should('not.exist');\ncy.contains('Robot Money Collector').should('be.visible');\ncy.get('.place-button').should('have.text', 'Place').and('have.css', 'background-color', 'rgb(15, 115, 92)');\ncy.get('form > select').children().each((elem, ind) => {\n  expect(elem[0].value).to.eql(sizeBoard[ind]);\n});\ncy.get('.total-move').should('have.text', 'total move: 15');\ncy.get('#board-small > .board-row').as('row');\ncy.get('@row').should('have.length', 5);\ncy.get('@row').eq(0).children().should('have.length', 5);\ncy.get('@row').children().each(elem => {\n  if (elem[0].innerText != '') {\n    listMoney.push(Number(elem[0].innerText.replace('$', '')));\n  }\n}).then(() => {\n  cy.get(listMoney).should('have.length.greaterThan', 1).and('have.length.lessThan', 25);\n  cy.log(`money showup each load : ${listMoney.length}`);\n});\ncy.get('.statistic-container').should('have.css', 'background-color', 'rgb(41, 48, 56)');\ncy.get('.statistic-header').should('have.text', 'Your Robot Earning');\ncy.wait(500);\ncy.get('.statistic-item').each((elem, ind) => {\n  cy.get(elem).children('p').should(e => {\n    if (ind == 1) {\n      expect(e[0].innerText).not.to.eq(null);\n    } else {\n      expect(e[0].innerText).to.eq('0');\n    }\n  });\n  cy.get(elem).children('label').should(e => {\n    expect(result).to.have.ownProperty(e[0].innerText);\n  }); // if (ind == 1) {\n  //   cy.get(elem).prev().should('includes.text', '%');\n  //   // .and('be.lessThan', 16);\n  //   expect(result).to.have.ownProperty(elem[0].innerText);\n  // } else {\n  //   cy.get(elem).prev().should('have.text', '0');\n  //   expect(result).to.have.ownProperty(elem[0].innerText);\n  // }\n}).then(countMoney);",
              "err": {},
              "uuid": "f3fa79eb-604f-4c3f-87a7-4a2fbf1443f0",
              "parentUUID": "807b95a6-a05e-43f0-af8b-328cd20fd1f2",
              "isHook": false,
              "skipped": false
            }
          ],
          "suites": [],
          "passes": [
            "2d29dcdc-dc86-43dd-9e44-7b56d6e2bf15",
            "23edc8ec-c7d8-4560-9291-382723f1bd87",
            "c970dc4b-1222-43c4-9376-4cf4bc32175f",
            "6930075e-4130-4228-a0f2-2f633f6c10fd",
            "0c020630-2cee-46e4-8d9f-15b1865b3f21",
            "bb8c79ee-8025-473f-a5ee-a12a0776f5ec",
            "5615221e-3e5b-4e88-97f0-761edd315007",
            "6ff5beae-d4fa-40c4-89b8-4173cc7aa1bc",
            "ca2afbc9-9d8e-4510-aa87-e193b177d662",
            "f3fa79eb-604f-4c3f-87a7-4a2fbf1443f0"
          ],
          "failures": [],
          "pending": [],
          "skipped": [],
          "duration": 13862,
          "root": false,
          "rootEmpty": false,
          "_timeout": 2000
        }
      ],
      "passes": [],
      "failures": [],
      "pending": [],
      "skipped": [],
      "duration": 0,
      "root": true,
      "rootEmpty": true,
      "_timeout": 2000
    }
  ],
  "meta": {
    "mocha": {
      "version": "7.0.1"
    },
    "mochawesome": {
      "options": {
        "quiet": false,
        "reportFilename": "mochawesome",
        "saveHtml": false,
        "saveJson": true,
        "consoleReporter": "spec",
        "useInlineDiffs": false,
        "code": true
      },
      "version": "6.3.1"
    },
    "marge": {
      "options": {
        "id": "default",
        "reportDir": "cypress/reports/mocha",
        "quite": true,
        "overwrite": false,
        "html": false,
        "json": true
      },
      "version": "5.2.0"
    }
  }
}