{
  "stats": {
    "suites": 1,
    "tests": 1,
    "passes": 1,
    "pending": 0,
    "failures": 0,
    "start": "2022-05-08T15:42:28.956Z",
    "end": "2022-05-08T15:42:43.473Z",
    "duration": 14517,
    "testsRegistered": 1,
    "passPercent": 100,
    "pendingPercent": 0,
    "other": 0,
    "hasOther": false,
    "skipped": 0,
    "hasSkipped": false
  },
  "results": [
    {
      "uuid": "7b2186be-2ae8-4671-8033-6f5ec4117f73",
      "title": "",
      "fullFile": "cypress/integration/e2e/app.spec.js",
      "file": "cypress/integration/e2e/app.spec.js",
      "beforeHooks": [],
      "afterHooks": [],
      "tests": [],
      "suites": [
        {
          "uuid": "a2a8e729-daeb-403c-b7e7-0f2464146d92",
          "title": "Test Github Action",
          "fullFile": "",
          "file": "",
          "beforeHooks": [],
          "afterHooks": [],
          "tests": [
            {
              "title": "open page",
              "fullTitle": "Test Github Action open page",
              "timedOut": null,
              "duration": 14420,
              "state": "passed",
              "speed": "slow",
              "pass": true,
              "fail": false,
              "pending": false,
              "context": null,
              "code": "cy.visit('https://siwanto.web.id/');",
              "err": {},
              "uuid": "2b188471-a85c-4ee1-881d-5cb26515a1c0",
              "parentUUID": "a2a8e729-daeb-403c-b7e7-0f2464146d92",
              "isHook": false,
              "skipped": false
            }
          ],
          "suites": [],
          "passes": [
            "2b188471-a85c-4ee1-881d-5cb26515a1c0"
          ],
          "failures": [],
          "pending": [],
          "skipped": [],
          "duration": 14420,
          "root": false,
          "rootEmpty": false,
          "_timeout": 2000
        }
      ],
      "passes": [],
      "failures": [],
      "pending": [],
      "skipped": [],
      "duration": 0,
      "root": true,
      "rootEmpty": true,
      "_timeout": 2000
    }
  ],
  "meta": {
    "mocha": {
      "version": "7.0.1"
    },
    "mochawesome": {
      "options": {
        "quiet": false,
        "reportFilename": "mochawesome",
        "saveHtml": false,
        "saveJson": true,
        "consoleReporter": "spec",
        "useInlineDiffs": false,
        "code": true
      },
      "version": "6.3.1"
    },
    "marge": {
      "options": {
        "id": "default",
        "reportDir": "cypress/reports/mocha",
        "quite": true,
        "overwrite": false,
        "html": false,
        "json": true
      },
      "version": "5.2.0"
    }
  }
}